<?xml version="1.0" encoding="UTF-8"?>
<!-- Generated by org.testng.reporters.JUnitReportReporter -->
<testsuite hostname="LTIN485618" failures="0" tests="1" name="TestCases.TC_003_EthicsandCompliance" time="2.826" errors="0" timestamp="2024-02-14T16:46:05 IST" skipped="0">
  <testcase classname="TestCases.TC_003_EthicsandCompliance" name="Verify_Ethicsandcompliance" time="2.826"/>
  <system-out/>
</testsuite> <!-- TestCases.TC_003_EthicsandCompliance -->
