<?xml version="1.0" encoding="UTF-8"?>
<!-- Generated by org.testng.reporters.JUnitReportReporter -->
<testsuite hostname="LTIN485618" failures="0" tests="1" name="TestCases.TC_002_UserVerification" time="5.479" errors="0" timestamp="2024-02-07T10:26:46 IST" skipped="0">
  <testcase classname="TestCases.TC_002_UserVerification" name="UserVerification" time="5.479"/>
  <system-out/>
</testsuite> <!-- TestCases.TC_002_UserVerification -->
