<?xml version="1.0" encoding="UTF-8"?>
<!-- Generated by org.testng.reporters.JUnitReportReporter -->
<testsuite hostname="LTIN485618" failures="0" tests="1" name="TestCases.TC_001_UserValidation" time="1.167" errors="0" timestamp="2024-02-06T11:07:36 IST" skipped="0">
  <testcase classname="TestCases.TC_001_UserValidation" name="Verify_UserDetails" time="1.167"/>
  <system-out/>
</testsuite> <!-- TestCases.TC_001_UserValidation -->
