<?xml version="1.0" encoding="UTF-8"?>
<!-- Generated by org.testng.reporters.JUnitReportReporter -->
<testsuite hostname="LTIN485618" failures="0" tests="1" name="TestCases.TC_001_ClickDropdown" time="2.174" errors="0" timestamp="2024-02-07T10:01:04 IST" skipped="0">
  <testcase classname="TestCases.TC_001_ClickDropdown" name="Click_Dropdown" time="2.174"/>
  <system-out/>
</testsuite> <!-- TestCases.TC_001_ClickDropdown -->
