<?xml version="1.0" encoding="UTF-8"?>
<!-- Generated by org.testng.reporters.JUnitReportReporter -->
<testsuite hostname="LTIN485618" failures="0" tests="2" name="TestCases.TC_002_ClickDropdown" time="213.434" errors="0" timestamp="2024-02-14T16:46:05 IST" skipped="0">
  <testcase classname="TestCases.TC_002_ClickDropdown" name="getSubHeader" time="213.083"/>
  <system-out/>
  <testcase classname="TestCases.TC_002_ClickDropdown" name="Verify_Click_Dropdown" time="0.351"/>
  <system-out/>
</testsuite> <!-- TestCases.TC_002_ClickDropdown -->
