<?xml version="1.0" encoding="UTF-8"?>
<!-- Generated by org.testng.reporters.JUnitReportReporter -->
<testsuite hostname="LTIN485618" failures="0" tests="1" name="TestCases.TC_003_EthicsandCompliance" time="3.942" errors="0" timestamp="2024-02-18T20:01:08 IST" skipped="0">
  <testcase classname="TestCases.TC_003_EthicsandCompliance" name="Verify_Ethicsandcompliance" time="3.942"/>
  <system-out/>
</testsuite> <!-- TestCases.TC_003_EthicsandCompliance -->
