<?xml version="1.0" encoding="UTF-8"?>
<!-- Generated by org.testng.reporters.JUnitReportReporter -->
<testsuite hostname="LTIN485618" failures="0" tests="1" name="TestCases.TC_001_UserVerification" time="34.963" errors="0" timestamp="2024-02-18T20:01:08 IST" skipped="0">
  <testcase classname="TestCases.TC_001_UserVerification" name="Verify_UserVerification" time="34.963"/>
  <system-out/>
</testsuite> <!-- TestCases.TC_001_UserVerification -->
