<?xml version="1.0" encoding="UTF-8"?>
<!-- Generated by org.testng.reporters.JUnitReportReporter -->
<testsuite hostname="LTIN485618" failures="0" tests="2" name="TestCases.TC_002_ClickDropdown" time="216.001" errors="0" timestamp="2024-02-18T20:01:08 IST" skipped="0">
  <testcase classname="TestCases.TC_002_ClickDropdown" name="getSubHeader" time="215.595"/>
  <system-out/>
  <testcase classname="TestCases.TC_002_ClickDropdown" name="Verify_Click_Dropdown" time="0.406"/>
  <system-out/>
</testsuite> <!-- TestCases.TC_002_ClickDropdown -->
